#
# There is insufficient memory for the Java Runtime Environment to continue.
# Native memory allocation (malloc) failed to allocate 1048576 bytes for AllocateHeap
# Possible reasons:
#   The system is out of physical RAM or swap space
#   The process is running with CompressedOops enabled, and the Java Heap may be blocking the growth of the native heap
# Possible solutions:
#   Reduce memory load on the system
#   Increase physical memory or swap space
#   Check if swap backing store is full
#   Decrease Java heap size (-Xmx/-Xms)
#   Decrease number of Java threads
#   Decrease Java thread stack sizes (-Xss)
#   Set larger code cache with -XX:ReservedCodeCacheSize=
#   JVM is running with Zero Based Compressed Oops mode in which the Java heap is
#     placed in the first 32GB address space. The Java Heap base address is the
#     maximum limit for the native heap growth. Please use -XX:HeapBaseMinAddress
#     to set the Java Heap base and to place the Java Heap above 32GB virtual address.
# This output file may be truncated or incomplete.
#
#  Out of Memory Error (memory/allocation.inline.hpp:61), pid=14172, tid=0x0000000000000cc0
#
# JRE version:  (8.0_241-b07) (build )
# Java VM: Java HotSpot(TM) 64-Bit Server VM (25.241-b07 mixed mode windows-amd64 compressed oops)
# Failed to write core dump. Minidumps are not enabled by default on client versions of Windows
#

---------------  T H R E A D  ---------------

Current thread (0x0000000003309000):  JavaThread "Unknown thread" [_thread_in_vm, id=3264, stack(0x0000000003200000,0x0000000003300000)]

Stack: [0x0000000003200000,0x0000000003300000]
[error occurred during error reporting (printing stack bounds), id 0xc0000005]

Native frames: (J=compiled Java code, j=interpreted, Vv=VM code, C=native code)


---------------  P R O C E S S  ---------------

Java Threads: ( => current thread )

Other Threads:

=>0x0000000003309000 (exited) JavaThread "Unknown thread" [_thread_in_vm, id=3264, stack(0x0000000003200000,0x0000000003300000)]

VM state:not at safepoint (normal execution)

VM Mutex/Monitor currently owned by a thread: None

heap address: 0x0000000706000000, size: 2976 MB, Compressed Oops mode: Zero based, Oop shift amount: 3
Narrow klass base: 0x0000000000000000, Narrow klass shift: 3
Compressed class space size: 1073741824 Address: 0x00000007c0000000

Heap:
 PSYoungGen      total 55808K, used 962K [0x0000000782000000, 0x0000000785e00000, 0x00000007c0000000)
  eden space 48128K, 2% used [0x0000000782000000,0x00000007820f0a48,0x0000000784f00000)
  from space 7680K, 0% used [0x0000000785680000,0x0000000785680000,0x0000000785e00000)
  to   space 7680K, 0% used [0x0000000784f00000,0x0000000784f00000,0x0000000785680000)
 ParOldGen       total 126976K, used 0K [0x0000000706000000, 0x000000070dc00000, 0x0000000782000000)
  object space 126976K, 0% used [0x0000000706000000,0x0000000706000000,0x000000070dc00000)
 Metaspace       used 776K, capacity 4480K, committed 4480K, reserved 1056768K
  class space    used 76K, capacity 384K, committed 384K, reserved 1048576K

Card table byte_map: [0x0000000012920000,0x0000000012f00000] byte_map_base: 0x000000000f0f0000

Marking Bits: (ParMarkBitMap*) 0x000000005175be30
 Begin Bits: [0x0000000013ae0000, 0x0000000016960000)
 End Bits:   [0x0000000016960000, 0x00000000197e0000)

Polling page: 0x0000000000ff0000

CodeCache: size=245760Kb used=328Kb max_used=328Kb free=245431Kb
 bounds [0x0000000003560000, 0x00000000037d0000, 0x0000000012560000]
 total_blobs=58 nmethods=0 adapters=38
 compilation: enabled

Compilation events (0 events):
No events

GC Heap History (0 events):
No events

Deoptimization events (0 events):
No events

Classes redefined (0 events):
No events

Internal exceptions (0 events):
No events

Events (10 events):
Event: 0.024 loading class java/lang/Short
Event: 0.024 loading class java/lang/Short done
Event: 0.024 loading class java/lang/Integer
Event: 0.024 loading class java/lang/Integer done
Event: 0.024 loading class java/lang/Long
Event: 0.024 loading class java/lang/Long done
Event: 0.024 loading class java/lang/NullPointerException
Event: 0.025 loading class java/lang/NullPointerException done
Event: 0.025 loading class java/lang/ArithmeticException
Event: 0.025 loading class java/lang/ArithmeticException done


Dynamic libraries:
0x00007ff70fe30000 - 0x00007ff70fe67000 	C:\Program Files\Java\jdk1.8.0_241\bin\java.exe
0x00007ff89a080000 - 0x00007ff89a270000 	C:\WINDOWS\SYSTEM32\ntdll.dll
0x00007ff898db0000 - 0x00007ff898e62000 	C:\WINDOWS\System32\KERNEL32.DLL
0x00007ff897a40000 - 0x00007ff897ce5000 	C:\WINDOWS\System32\KERNELBASE.dll
0x00007ff8990e0000 - 0x00007ff899183000 	C:\WINDOWS\System32\ADVAPI32.dll
0x00007ff898130000 - 0x00007ff8981ce000 	C:\WINDOWS\System32\msvcrt.dll
0x00007ff899430000 - 0x00007ff8994c7000 	C:\WINDOWS\System32\sechost.dll
0x00007ff8996f0000 - 0x00007ff89980f000 	C:\WINDOWS\System32\RPCRT4.dll
0x00007ff8994d0000 - 0x00007ff899664000 	C:\WINDOWS\System32\USER32.dll
0x00007ff897770000 - 0x00007ff897791000 	C:\WINDOWS\System32\win32u.dll
0x00007ff899020000 - 0x00007ff899046000 	C:\WINDOWS\System32\GDI32.dll
0x00007ff8977a0000 - 0x00007ff897938000 	C:\WINDOWS\System32\gdi32full.dll
0x00007ff897d20000 - 0x00007ff897dbe000 	C:\WINDOWS\System32\msvcp_win.dll
0x00007ff897940000 - 0x00007ff897a3a000 	C:\WINDOWS\System32\ucrtbase.dll
0x00007ff8896f0000 - 0x00007ff889974000 	C:\WINDOWS\WinSxS\amd64_microsoft.windows.common-controls_6595b64144ccf1df_6.0.18362.1440_none_9e7dbfb9e45e8e67\COMCTL32.dll
0x00007ff8988d0000 - 0x00007ff898c06000 	C:\WINDOWS\System32\combase.dll
0x00007ff897ff0000 - 0x00007ff898071000 	C:\WINDOWS\System32\bcryptPrimitives.dll
0x00007ff8990b0000 - 0x00007ff8990de000 	C:\WINDOWS\System32\IMM32.DLL
0x00000000520a0000 - 0x0000000052172000 	C:\Program Files\Java\jdk1.8.0_241\jre\bin\msvcr100.dll
0x0000000050f30000 - 0x00000000517dc000 	C:\Program Files\Java\jdk1.8.0_241\jre\bin\server\jvm.dll
0x00007ff898da0000 - 0x00007ff898da8000 	C:\WINDOWS\System32\PSAPI.DLL
0x00007ff88f5b0000 - 0x00007ff88f5ba000 	C:\WINDOWS\SYSTEM32\VERSION.dll
0x00007ff893840000 - 0x00007ff893864000 	C:\WINDOWS\SYSTEM32\WINMM.dll
0x00007ff878f70000 - 0x00007ff878f79000 	C:\WINDOWS\SYSTEM32\WSOCK32.dll
0x00007ff8993c0000 - 0x00007ff89942f000 	C:\WINDOWS\System32\WS2_32.dll
0x00007ff8936d0000 - 0x00007ff8936fd000 	C:\WINDOWS\SYSTEM32\WINMMBASE.dll
0x00007ff898080000 - 0x00007ff8980ca000 	C:\WINDOWS\System32\cfgmgr32.dll
0x00007ff8882f0000 - 0x00007ff8882ff000 	C:\Program Files\Java\jdk1.8.0_241\jre\bin\verify.dll
0x00007ff874f10000 - 0x00007ff874f39000 	C:\Program Files\Java\jdk1.8.0_241\jre\bin\java.dll
0x00007ff86c430000 - 0x00007ff86c453000 	C:\Program Files\Java\jdk1.8.0_241\jre\bin\instrument.dll
0x00007ff8742e0000 - 0x00007ff8742f6000 	C:\Program Files\Java\jdk1.8.0_241\jre\bin\zip.dll

VM Arguments:
jvm_args: -XX:TieredStopAtLevel=1 -Xverify:none -Dspring.output.ansi.enabled=always -Dcom.sun.management.jmxremote -Dspring.jmx.enabled=true -Dspring.liveBeansView.mbeanDomain -Dspring.application.admin.enabled=true -javaagent:E:\IntelliJ IDEA 2020.2.2\lib\idea_rt.jar=50772:E:\IntelliJ IDEA 2020.2.2\bin -Dfile.encoding=UTF-8 
java_command: com.codegym.lastwhisper.LastwhisperApplication
java_class_path (initial): C:\Program Files\Java\jdk1.8.0_241\jre\lib\charsets.jar;C:\Program Files\Java\jdk1.8.0_241\jre\lib\deploy.jar;C:\Program Files\Java\jdk1.8.0_241\jre\lib\ext\access-bridge-64.jar;C:\Program Files\Java\jdk1.8.0_241\jre\lib\ext\cldrdata.jar;C:\Program Files\Java\jdk1.8.0_241\jre\lib\ext\dnsns.jar;C:\Program Files\Java\jdk1.8.0_241\jre\lib\ext\jaccess.jar;C:\Program Files\Java\jdk1.8.0_241\jre\lib\ext\jfxrt.jar;C:\Program Files\Java\jdk1.8.0_241\jre\lib\ext\localedata.jar;C:\Program Files\Java\jdk1.8.0_241\jre\lib\ext\nashorn.jar;C:\Program Files\Java\jdk1.8.0_241\jre\lib\ext\sunec.jar;C:\Program Files\Java\jdk1.8.0_241\jre\lib\ext\sunjce_provider.jar;C:\Program Files\Java\jdk1.8.0_241\jre\lib\ext\sunmscapi.jar;C:\Program Files\Java\jdk1.8.0_241\jre\lib\ext\sunpkcs11.jar;C:\Program Files\Java\jdk1.8.0_241\jre\lib\ext\zipfs.jar;C:\Program Files\Java\jdk1.8.0_241\jre\lib\javaws.jar;C:\Program Files\Java\jdk1.8.0_241\jre\lib\jce.jar;C:\Program Files\Java\jdk1.8.0_241\jre\lib\jfr.jar;C:\Program Files\Java\jdk1.8.0_241\jre\lib\jfxswt.jar;C:\Program Files\Java\jdk1.8.0_241\jre\lib\jsse.jar;C:\Program Files\Java\jdk1.8.0_241\jre\lib\management-agent.jar;C:\Program Files\Java\jdk1.8.0_241\jre\lib\plugin.jar;C:\Program Files\Java\jdk1.8.0_241\jre\lib\resources.jar;C:\Program Files\Java\jdk1.8.0_241\jre\lib\rt.jar;E:\Angular Project\last-whisper-api\build\classes\java\main;E:\Angular Project\last-whisper-api\build\resources\main;C:\Users\Admin\.gradle\caches\modules-2\files-2.1\org.projectlombok\lombok\1.18.18\481f5bfed3ae29f656eedfe9e98c8365b8ba5c57\lombok-1.18.18.jar;C:\Users\Admin\.gradle\caches\modules-2\files-2.1\javax.validation\validation-api\2.0.1.Final\cb855558e6271b1b32e716d24cb85c7f583ce09e\validation-api-2.0.1.Final.jar;C:\Users\Admin\.gradle\caches\modules-2\files-2.1\io.jsonwebtoken\jjwt\0.9.1\54d2abfc3e63a28824d35bf600d6a5d627da681a\jjwt-0.9.1.jar;C:\Users\Admin\.gradle\caches\modules-2\files-2.1\org.springframework.boot\spring-boot-sta
Launcher Type: SUN_STANDARD

Environment Variables:
PATH=C:\Program Files (x86)\Common Files\Oracle\Java\javapath;C:\WINDOWS\system32;C:\WINDOWS;C:\WINDOWS\System32\Wbem;C:\WINDOWS\System32\WindowsPowerShell\v1.0\;C:\WINDOWS\System32\OpenSSH\;C:\Program Files\Microsoft SQL Server\120\Tools\Binn\;C:\Program Files\Microsoft SQL Server\130\Tools\Binn\;C:\Program Files (x86)\Windows Kits\10\Windows Performance Toolkit\;C:\xampp\php;C:\composer;C:\Program Files\Microsoft SQL Server\Client SDK\ODBC\170\Tools\Binn\;C:\Program Files (x86)\Microsoft SQL Server\150\Tools\Binn\;C:\Program Files\Microsoft SQL Server\150\Tools\Binn\;C:\Program Files\Microsoft SQL Server\150\DTS\Binn\;C:\Program Files (x86)\Microsoft SQL Server\150\DTS\Binn\;C:\cygwin64;C:\Program Files\Git\cmd;C:\Program Files\dotnet\;C:\Program Files\nodejs\;C:\Program Files\MySQL\MySQL Shell 8.0\bin\;C:\Users\Admin\AppData\Local\Microsoft\WindowsApps;C:\Users\Admin\AppData\Local\Programs\Microsoft VS Code\bin;C:\Users\Admin\AppData\Roaming\Composer\vendor\bin;C:\Users\Admin\Desktop\New folder\products;E:\phpmaker 2020;E:\phpmaker 2020\web;C:\Users\Admin\Downloads\spring-boot-cli-2.4.1-bin\spring-2.4.1\bin;C:\Users\Admin\.dotnet\tools;C:\Users\Admin\AppData\Roaming\npm;C:\Users\Admin\AppData\Local\GitHubDesktop\bin;E:\MySQL\bin;
USERNAME=Admin
OS=Windows_NT
PROCESSOR_IDENTIFIER=Intel64 Family 6 Model 60 Stepping 3, GenuineIntel



---------------  S Y S T E M  ---------------

OS: Windows 10.0 , 64 bit Build 18362 (10.0.18362.1350)

CPU:total 8 (initial active 8) (4 cores per cpu, 2 threads per core) family 6 model 60 stepping 3, cmov, cx8, fxsr, mmx, sse, sse2, sse3, ssse3, sse4.1, sse4.2, popcnt, avx, avx2, aes, clmul, erms, lzcnt, ht, tsc, tscinvbit, bmi1, bmi2

Memory: 4k page, physical 12186992k(2512196k free), swap 14862684k(5544k free)

vm_info: Java HotSpot(TM) 64-Bit Server VM (25.241-b07) for windows-amd64 JRE (1.8.0_241-b07), built on Dec 11 2019 10:21:40 by "rejava" with MS VC++ 10.0 (VS2010)

time: Thu Mar 18 08:22:44 2021
timezone: SE Asia Standard Time
elapsed time: 0 seconds (0d 0h 0m 0s)

